<?xml version="1.0" encoding="utf-8"?><testsuites name="pytest tests"><testsuite name="pytest" errors="0" failures="0" skipped="0" tests="13" time="2.864" timestamp="2026-07-14T17:21:59.903828+00:00" hostname="agent-env-71cd16d6-47d9-4bb0-af99-345251ea3431"><testcase classname="tests.test_gym_api.TestAdminUsers" name="test_get_users_without_auth" time="0.210" /><testcase classname="tests.test_gym_api.TestAuth" name="test_auth_me_without_token" time="0.195" /><testcase classname="tests.test_gym_api.TestAuth" name="test_admin_login_returns_user" time="0.361" /><testcase classname="tests.test_gym_api.TestAuth" name="test_employee_login_returns_user" time="0.486" /><testcase classname="tests.test_gym_api.TestAdminUsers" name="test_get_users_as_admin" time="0.827" /><testcase classname="tests.test_gym_api.TestAdminUsers" name="test_users_list_contains_employee" time="0.065" /><testcase classname="tests.test_gym_api.TestAuth" name="test_wrong_credentials" time="0.171" /><testcase classname="tests.test_gym_api.TestAdminUsers" name="test_get_users_as_employee_forbidden" time="0.592" /><testcase classname="tests.test_gym_api.TestAuth" name="test_admin_me" time="0.554" /><testcase classname="tests.test_gym_api.TestSettings" name="test_get_settings_public" time="0.151" /><testcase classname="tests.test_gym_api.TestPunches" name="test_get_punches_requires_auth" time="0.182" /><testcase classname="tests.test_gym_api.TestSettings" name="test_get_settings_admin" time="0.061" /><testcase classname="tests.test_gym_api.TestPunches" name="test_get_punches_as_employee" time="0.431" /></testsuite></testsuites>